# JRE version: Java(TM) SE Runtime Environment (17.0.8+9) (build 17.0.8+9-LTS-211)
# Java VM: Java HotSpot(TM) 64-Bit Server VM (17.0.8+9-LTS-211, mixed mode, emulated-client, sharing, tiered, compressed oops, compressed class ptrs, g1 gc, windows-amd64)
GC Precious Log:
 CPUs: 8 total, 8 available
 Memory: 32448M
 Large Page Support: Disabled
 NUMA Support: Disabled
 Compressed Oops: Enabled (Zero based)
 Heap Region Size: 4M
 Heap Min Capacity: 8M
 Heap Initial Capacity: 508M
 Heap Max Capacity: 8116M
 Pre-touch: Disabled
 Parallel Workers: 8
 Concurrent Workers: 2
 Concurrent Refinement Workers: 8
 Periodic GC: Disabled
Heap:
 garbage-first heap   total 634880K, used 191347K [0x0000000604c00000, 0x0000000800000000)
  region size 4096K, 5 young (20480K), 5 survivors (20480K)
 Metaspace       used 50154K, committed 50880K, reserved 1114112K
  class space    used 7311K, committed 7680K, reserved 1048576K
GC Heap History (20 events):
Event: 2.418 GC heap after
{Heap after GC invocations=6 (full 0):
 garbage-first heap   total 634880K, used 78686K [0x0000000604c00000, 0x0000000800000000)
  region size 4096K, 2 young (8192K), 2 survivors (8192K)
 Metaspace       used 5535K, committed 5760K, reserved 1114112K
  class space    used 690K, committed 768K, reserved 1048576K
}
Event: 4.364 GC heap before
{Heap before GC invocations=6 (full 0):
 garbage-first heap   total 634880K, used 156510K [0x0000000604c00000, 0x0000000800000000)
  region size 4096K, 21 young (86016K), 2 survivors (8192K)
 Metaspace       used 8560K, committed 8832K, reserved 1114112K
  class space    used 1153K, committed 1280K, reserved 1048576K
}
Event: 4.371 GC heap after
{Heap after GC invocations=7 (full 0):
 garbage-first heap   total 634880K, used 85792K [0x0000000604c00000, 0x0000000800000000)
  region size 4096K, 2 young (8192K), 2 survivors (8192K)
 Metaspace       used 8560K, committed 8832K, reserved 1114112K
  class space    used 1153K, committed 1280K, reserved 1048576K
}
Event: 14.450 GC heap before
{Heap before GC invocations=7 (full 0):
 garbage-first heap   total 634880K, used 257824K [0x0000000604c00000, 0x0000000800000000)
  region size 4096K, 46 young (188416K), 2 survivors (8192K)
 Metaspace       used 21031K, committed 21504K, reserved 1114112K
  class space    used 2841K, committed 3072K, reserved 1048576K
}
Event: 14.456 GC heap after
{Heap after GC invocations=8 (full 0):
 garbage-first heap   total 634880K, used 93494K [0x0000000604c00000, 0x0000000800000000)
  region size 4096K, 4 young (16384K), 4 survivors (16384K)
 Metaspace       used 21031K, committed 21504K, reserved 1114112K
  class space    used 2841K, committed 3072K, reserved 1048576K
}
Event: 16.460 GC heap before
{Heap before GC invocations=9 (full 0):
 garbage-first heap   total 409600K, used 351542K [0x0000000604c00000, 0x0000000800000000)
  region size 4096K, 69 young (282624K), 4 survivors (16384K)
 Metaspace       used 28946K, committed 29568K, reserved 1114112K
  class space    used 3889K, committed 4160K, reserved 1048576K
}
Event: 16.480 GC heap after
{Heap after GC invocations=10 (full 0):
 garbage-first heap   total 409600K, used 118556K [0x0000000604c00000, 0x0000000800000000)
  region size 4096K, 10 young (40960K), 10 survivors (40960K)
 Metaspace       used 28946K, committed 29568K, reserved 1114112K
  class space    used 3889K, committed 4160K, reserved 1048576K
}
Event: 16.837 GC heap before
{Heap before GC invocations=11 (full 0):
 garbage-first heap   total 409600K, used 290588K [0x0000000604c00000, 0x0000000800000000)
  region size 4096K, 52 young (212992K), 10 survivors (40960K)
 Metaspace       used 33075K, committed 33728K, reserved 1114112K
  class space    used 4487K, committed 4800K, reserved 1048576K
}
Event: 16.854 GC heap after
{Heap after GC invocations=12 (full 0):
 garbage-first heap   total 409600K, used 125264K [0x0000000604c00000, 0x0000000800000000)
  region size 4096K, 3 young (12288K), 3 survivors (12288K)
 Metaspace       used 33075K, committed 33728K, reserved 1114112K
  class space    used 4487K, committed 4800K, reserved 1048576K
}
Event: 17.246 GC heap before
{Heap before GC invocations=12 (full 0):
 garbage-first heap   total 409600K, used 305488K [0x0000000604c00000, 0x0000000800000000)
  region size 4096K, 47 young (192512K), 3 survivors (12288K)
 Metaspace       used 40343K, committed 41024K, reserved 1114112K
  class space    used 5554K, committed 5888K, reserved 1048576K
}
Event: 17.254 GC heap after
{Heap after GC invocations=13 (full 0):
 garbage-first heap   total 409600K, used 128596K [0x0000000604c00000, 0x0000000800000000)
  region size 4096K, 3 young (12288K), 3 survivors (12288K)
 Metaspace       used 40343K, committed 41024K, reserved 1114112K
  class space    used 5554K, committed 5888K, reserved 1048576K
}
Event: 17.486 GC heap before
{Heap before GC invocations=13 (full 0):
 garbage-first heap   total 409600K, used 317012K [0x0000000604c00000, 0x0000000800000000)
  region size 4096K, 49 young (200704K), 3 survivors (12288K)
 Metaspace       used 42402K, committed 43136K, reserved 1114112K
  class space    used 6059K, committed 6400K, reserved 1048576K
}
Event: 17.495 GC heap after
{Heap after GC invocations=14 (full 0):
 garbage-first heap   total 561152K, used 137065K [0x0000000604c00000, 0x0000000800000000)
  region size 4096K, 6 young (24576K), 6 survivors (24576K)
 Metaspace       used 42402K, committed 43136K, reserved 1114112K
  class space    used 6059K, committed 6400K, reserved 1048576K
}
Event: 18.100 GC heap before
{Heap before GC invocations=14 (full 0):
 garbage-first heap   total 561152K, used 440169K [0x0000000604c00000, 0x0000000800000000)
  region size 4096K, 81 young (331776K), 6 survivors (24576K)
 Metaspace       used 45197K, committed 45952K, reserved 1114112K
  class space    used 6624K, committed 6976K, reserved 1048576K
}
Event: 18.113 GC heap after
{Heap after GC invocations=15 (full 0):
 garbage-first heap   total 561152K, used 160750K [0x0000000604c00000, 0x0000000800000000)
  region size 4096K, 11 young (45056K), 11 survivors (45056K)
 Metaspace       used 45197K, committed 45952K, reserved 1114112K
  class space    used 6624K, committed 6976K, reserved 1048576K
}
Event: 18.350 GC heap before
{Heap before GC invocations=15 (full 0):
 garbage-first heap   total 561152K, used 435182K [0x0000000604c00000, 0x0000000800000000)
  region size 4096K, 79 young (323584K), 11 survivors (45056K)
 Metaspace       used 45451K, committed 46272K, reserved 1114112K
  class space    used 6669K, committed 7040K, reserved 1048576K
}
Event: 18.370 GC heap after
{Heap after GC invocations=16 (full 0):
 garbage-first heap   total 561152K, used 187512K [0x0000000604c00000, 0x0000000800000000)
  region size 4096K, 8 young (32768K), 8 survivors (32768K)
 Metaspace       used 45451K, committed 46272K, reserved 1114112K
  class space    used 6669K, committed 7040K, reserved 1048576K
}
Event: 18.848 GC heap before
{Heap before GC invocations=16 (full 0):
 garbage-first heap   total 561152K, used 429176K [0x0000000604c00000, 0x0000000800000000)
  region size 4096K, 68 young (278528K), 8 survivors (32768K)
 Metaspace       used 46035K, committed 46848K, reserved 1114112K
  class space    used 6776K, committed 7168K, reserved 1048576K
}
Event: 18.855 GC heap after
{Heap after GC invocations=17 (full 0):
 garbage-first heap   total 561152K, used 190054K [0x0000000604c00000, 0x0000000800000000)
  region size 4096K, 4 young (16384K), 4 survivors (16384K)
 Metaspace       used 46035K, committed 46848K, reserved 1114112K
  class space    used 6776K, committed 7168K, reserved 1048576K
}
Event: 20.215 GC heap before
{Heap before GC invocations=17 (full 0):
 garbage-first heap   total 561152K, used 276070K [0x0000000604c00000, 0x0000000800000000)
  region size 4096K, 27 young (110592K), 4 survivors (16384K)
 Metaspace       used 50154K, committed 50880K, reserved 1114112K
  class space    used 7311K, committed 7680K, reserved 1048576K
}

