# JRE version: Java(TM) SE Runtime Environment (17.0.8+9) (build 17.0.8+9-LTS-211)
# Java VM: Java HotSpot(TM) 64-Bit Server VM (17.0.8+9-LTS-211, mixed mode, emulated-client, sharing, tiered, compressed oops, compressed class ptrs, g1 gc, windows-amd64)
GC Precious Log:
 CPUs: 8 total, 8 available
 Memory: 32448M
 Large Page Support: Disabled
 NUMA Support: Disabled
 Compressed Oops: Enabled (Zero based)
 Heap Region Size: 4M
 Heap Min Capacity: 8M
 Heap Initial Capacity: 508M
 Heap Max Capacity: 8116M
 Pre-touch: Disabled
 Parallel Workers: 8
 Concurrent Workers: 2
 Concurrent Refinement Workers: 8
 Periodic GC: Disabled
Heap:
 garbage-first heap   total 753664K, used 539584K [0x0000000604c00000, 0x0000000800000000)
  region size 4096K, 69 young (282624K), 10 survivors (40960K)
 Metaspace       used 145288K, committed 147648K, reserved 1179648K
  class space    used 19910K, committed 20736K, reserved 1048576K
GC Heap History (20 events):
Event: 49316.135 GC heap before
{Heap before GC invocations=797 (full 0):
 garbage-first heap   total 753664K, used 664145K [0x0000000604c00000, 0x0000000800000000)
  region size 4096K, 109 young (446464K), 1 survivors (4096K)
 Metaspace       used 136191K, committed 139328K, reserved 1179648K
  class space    used 18704K, committed 19968K, reserved 1048576K
}
Event: 49316.137 GC heap after
{Heap after GC invocations=798 (full 0):
 garbage-first heap   total 753664K, used 221692K [0x0000000604c00000, 0x0000000800000000)
  region size 4096K, 1 young (4096K), 1 survivors (4096K)
 Metaspace       used 136191K, committed 139328K, reserved 1179648K
  class space    used 18704K, committed 19968K, reserved 1048576K
}
Event: 49324.513 GC heap before
{Heap before GC invocations=798 (full 0):
 garbage-first heap   total 753664K, used 659964K [0x0000000604c00000, 0x0000000800000000)
  region size 4096K, 109 young (446464K), 1 survivors (4096K)
 Metaspace       used 136191K, committed 139328K, reserved 1179648K
  class space    used 18704K, committed 19968K, reserved 1048576K
}
Event: 49324.514 GC heap after
{Heap after GC invocations=799 (full 0):
 garbage-first heap   total 753664K, used 221448K [0x0000000604c00000, 0x0000000800000000)
  region size 4096K, 1 young (4096K), 1 survivors (4096K)
 Metaspace       used 136191K, committed 139328K, reserved 1179648K
  class space    used 18704K, committed 19968K, reserved 1048576K
}
Event: 49332.906 GC heap before
{Heap before GC invocations=799 (full 0):
 garbage-first heap   total 753664K, used 659720K [0x0000000604c00000, 0x0000000800000000)
  region size 4096K, 109 young (446464K), 1 survivors (4096K)
 Metaspace       used 136191K, committed 139328K, reserved 1179648K
  class space    used 18704K, committed 19968K, reserved 1048576K
}
Event: 49332.909 GC heap after
{Heap after GC invocations=800 (full 0):
 garbage-first heap   total 753664K, used 221255K [0x0000000604c00000, 0x0000000800000000)
  region size 4096K, 1 young (4096K), 1 survivors (4096K)
 Metaspace       used 136191K, committed 139328K, reserved 1179648K
  class space    used 18704K, committed 19968K, reserved 1048576K
}
Event: 49342.231 GC heap before
{Heap before GC invocations=800 (full 0):
 garbage-first heap   total 753664K, used 659527K [0x0000000604c00000, 0x0000000800000000)
  region size 4096K, 109 young (446464K), 1 survivors (4096K)
 Metaspace       used 136191K, committed 139328K, reserved 1179648K
  class space    used 18704K, committed 19968K, reserved 1048576K
}
Event: 49342.233 GC heap after
{Heap after GC invocations=801 (full 0):
 garbage-first heap   total 753664K, used 221698K [0x0000000604c00000, 0x0000000800000000)
  region size 4096K, 1 young (4096K), 1 survivors (4096K)
 Metaspace       used 136191K, committed 139328K, reserved 1179648K
  class space    used 18704K, committed 19968K, reserved 1048576K
}
Event: 49353.216 GC heap before
{Heap before GC invocations=801 (full 0):
 garbage-first heap   total 753664K, used 659970K [0x0000000604c00000, 0x0000000800000000)
  region size 4096K, 109 young (446464K), 1 survivors (4096K)
 Metaspace       used 136191K, committed 139328K, reserved 1179648K
  class space    used 18704K, committed 19968K, reserved 1048576K
}
Event: 49353.217 GC heap after
{Heap after GC invocations=802 (full 0):
 garbage-first heap   total 753664K, used 221698K [0x0000000604c00000, 0x0000000800000000)
  region size 4096K, 1 young (4096K), 1 survivors (4096K)
 Metaspace       used 136191K, committed 139328K, reserved 1179648K
  class space    used 18704K, committed 19968K, reserved 1048576K
}
Event: 49461.244 GC heap before
{Heap before GC invocations=802 (full 0):
 garbage-first heap   total 753664K, used 659970K [0x0000000604c00000, 0x0000000800000000)
  region size 4096K, 109 young (446464K), 1 survivors (4096K)
 Metaspace       used 142605K, committed 143808K, reserved 1179648K
  class space    used 19537K, committed 20096K, reserved 1048576K
}
Event: 49461.280 GC heap after
{Heap after GC invocations=803 (full 0):
 garbage-first heap   total 753664K, used 239692K [0x0000000604c00000, 0x0000000800000000)
  region size 4096K, 5 young (20480K), 5 survivors (20480K)
 Metaspace       used 142605K, committed 143808K, reserved 1179648K
  class space    used 19537K, committed 20096K, reserved 1048576K
}
Event: 49472.286 GC heap before
{Heap before GC invocations=803 (full 0):
 garbage-first heap   total 753664K, used 641100K [0x0000000604c00000, 0x0000000800000000)
  region size 4096K, 104 young (425984K), 5 survivors (20480K)
 Metaspace       used 146314K, committed 147584K, reserved 1179648K
  class space    used 20102K, committed 20672K, reserved 1048576K
}
Event: 49472.320 GC heap after
{Heap after GC invocations=804 (full 0):
 garbage-first heap   total 753664K, used 268459K [0x0000000604c00000, 0x0000000800000000)
  region size 4096K, 12 young (49152K), 12 survivors (49152K)
 Metaspace       used 146314K, committed 147584K, reserved 1179648K
  class space    used 20102K, committed 20672K, reserved 1048576K
}
Event: 49472.864 GC heap before
{Heap before GC invocations=804 (full 0):
 garbage-first heap   total 753664K, used 620715K [0x0000000604c00000, 0x0000000800000000)
  region size 4096K, 98 young (401408K), 12 survivors (49152K)
 Metaspace       used 147029K, committed 148416K, reserved 1179648K
  class space    used 20208K, committed 20864K, reserved 1048576K
}
Event: 49473.106 GC heap after
{Heap after GC invocations=805 (full 0):
 garbage-first heap   total 753664K, used 276173K [0x0000000604c00000, 0x0000000800000000)
  region size 4096K, 3 young (12288K), 3 survivors (12288K)
 Metaspace       used 147029K, committed 148416K, reserved 1179648K
  class space    used 20208K, committed 20864K, reserved 1048576K
}
Event: 49473.597 GC heap before
{Heap before GC invocations=805 (full 0):
 garbage-first heap   total 753664K, used 628429K [0x0000000604c00000, 0x0000000800000000)
  region size 4096K, 89 young (364544K), 3 survivors (12288K)
 Metaspace       used 147142K, committed 148544K, reserved 1179648K
  class space    used 20222K, committed 20864K, reserved 1048576K
}
Event: 49473.604 GC heap after
{Heap after GC invocations=806 (full 0):
 garbage-first heap   total 753664K, used 287211K [0x0000000604c00000, 0x0000000800000000)
  region size 4096K, 6 young (24576K), 6 survivors (24576K)
 Metaspace       used 147142K, committed 148544K, reserved 1179648K
  class space    used 20222K, committed 20864K, reserved 1048576K
}
Event: 49474.127 GC heap before
{Heap before GC invocations=806 (full 0):
 garbage-first heap   total 753664K, used 631275K [0x0000000604c00000, 0x0000000800000000)
  region size 4096K, 90 young (368640K), 6 survivors (24576K)
 Metaspace       used 147195K, committed 148608K, reserved 1179648K
  class space    used 20226K, committed 20864K, reserved 1048576K
}
Event: 49474.145 GC heap after
{Heap after GC invocations=807 (full 0):
 garbage-first heap   total 753664K, used 306112K [0x0000000604c00000, 0x0000000800000000)
  region size 4096K, 10 young (40960K), 10 survivors (40960K)
 Metaspace       used 147195K, committed 148608K, reserved 1179648K
  class space    used 20226K, committed 20864K, reserved 1048576K
}

