# JRE version: Java(TM) SE Runtime Environment (17.0.8+9) (build 17.0.8+9-LTS-211)
# Java VM: Java HotSpot(TM) 64-Bit Server VM (17.0.8+9-LTS-211, mixed mode, emulated-client, sharing, tiered, compressed oops, compressed class ptrs, g1 gc, windows-amd64)
GC Precious Log:
 CPUs: 8 total, 8 available
 Memory: 32448M
 Large Page Support: Disabled
 NUMA Support: Disabled
 Compressed Oops: Enabled (Zero based)
 Heap Region Size: 4M
 Heap Min Capacity: 8M
 Heap Initial Capacity: 508M
 Heap Max Capacity: 8116M
 Pre-touch: Disabled
 Parallel Workers: 8
 Concurrent Workers: 2
 Concurrent Refinement Workers: 8
 Periodic GC: Disabled
Heap:
 garbage-first heap   total 638976K, used 330883K [0x0000000604c00000, 0x0000000800000000)
  region size 4096K, 34 young (139264K), 1 survivors (4096K)
 Metaspace       used 107115K, committed 107840K, reserved 1179648K
  class space    used 14879K, committed 15232K, reserved 1048576K
GC Heap History (20 events):
Event: 14.071 GC heap before
{Heap before GC invocations=13 (full 0):
 garbage-first heap   total 450560K, used 345946K [0x0000000604c00000, 0x0000000800000000)
  region size 4096K, 56 young (229376K), 6 survivors (24576K)
 Metaspace       used 42523K, committed 43456K, reserved 1114112K
  class space    used 6114K, committed 6592K, reserved 1048576K
}
Event: 14.080 GC heap after
{Heap after GC invocations=14 (full 0):
 garbage-first heap   total 450560K, used 140216K [0x0000000604c00000, 0x0000000800000000)
  region size 4096K, 3 young (12288K), 3 survivors (12288K)
 Metaspace       used 42523K, committed 43456K, reserved 1114112K
  class space    used 6114K, committed 6592K, reserved 1048576K
}
Event: 14.561 GC heap before
{Heap before GC invocations=14 (full 0):
 garbage-first heap   total 450560K, used 345016K [0x0000000604c00000, 0x0000000800000000)
  region size 4096K, 54 young (221184K), 3 survivors (12288K)
 Metaspace       used 45377K, committed 46272K, reserved 1114112K
  class space    used 6666K, committed 7104K, reserved 1048576K
}
Event: 14.570 GC heap after
{Heap after GC invocations=15 (full 0):
 garbage-first heap   total 450560K, used 159626K [0x0000000604c00000, 0x0000000800000000)
  region size 4096K, 7 young (28672K), 7 survivors (28672K)
 Metaspace       used 45377K, committed 46272K, reserved 1114112K
  class space    used 6666K, committed 7104K, reserved 1048576K
}
Event: 14.759 GC heap before
{Heap before GC invocations=15 (full 0):
 garbage-first heap   total 450560K, used 348042K [0x0000000604c00000, 0x0000000800000000)
  region size 4096K, 53 young (217088K), 7 survivors (28672K)
 Metaspace       used 45553K, committed 46528K, reserved 1114112K
  class space    used 6695K, committed 7168K, reserved 1048576K
}
Event: 14.775 GC heap after
{Heap after GC invocations=16 (full 0):
 garbage-first heap   total 638976K, used 185457K [0x0000000604c00000, 0x0000000800000000)
  region size 4096K, 7 young (28672K), 7 survivors (28672K)
 Metaspace       used 45553K, committed 46528K, reserved 1114112K
  class space    used 6695K, committed 7168K, reserved 1048576K
}
Event: 15.269 GC heap before
{Heap before GC invocations=16 (full 0):
 garbage-first heap   total 638976K, used 480369K [0x0000000604c00000, 0x0000000800000000)
  region size 4096K, 80 young (327680K), 7 survivors (28672K)
 Metaspace       used 46211K, committed 47168K, reserved 1114112K
  class space    used 6817K, committed 7296K, reserved 1048576K
}
Event: 15.274 GC heap after
{Heap after GC invocations=17 (full 0):
 garbage-first heap   total 638976K, used 178253K [0x0000000604c00000, 0x0000000800000000)
  region size 4096K, 3 young (12288K), 3 survivors (12288K)
 Metaspace       used 46211K, committed 47168K, reserved 1114112K
  class space    used 6817K, committed 7296K, reserved 1048576K
}
Event: 16.665 GC heap before
{Heap before GC invocations=17 (full 0):
 garbage-first heap   total 638976K, used 301133K [0x0000000604c00000, 0x0000000800000000)
  region size 4096K, 35 young (143360K), 3 survivors (12288K)
 Metaspace       used 51011K, committed 51968K, reserved 1114112K
  class space    used 7447K, committed 7936K, reserved 1048576K
}
Event: 16.670 GC heap after
{Heap after GC invocations=18 (full 0):
 garbage-first heap   total 638976K, used 181246K [0x0000000604c00000, 0x0000000800000000)
  region size 4096K, 4 young (16384K), 4 survivors (16384K)
 Metaspace       used 51011K, committed 51968K, reserved 1114112K
  class space    used 7447K, committed 7936K, reserved 1048576K
}
Event: 19.227 GC heap before
{Heap before GC invocations=19 (full 0):
 garbage-first heap   total 638976K, used 492542K [0x0000000604c00000, 0x0000000800000000)
  region size 4096K, 81 young (331776K), 4 survivors (16384K)
 Metaspace       used 81391K, committed 82112K, reserved 1179648K
  class space    used 11474K, committed 11840K, reserved 1048576K
}
Event: 19.242 GC heap after
{Heap after GC invocations=20 (full 0):
 garbage-first heap   total 638976K, used 211768K [0x0000000604c00000, 0x0000000800000000)
  region size 4096K, 11 young (45056K), 11 survivors (45056K)
 Metaspace       used 81391K, committed 82112K, reserved 1179648K
  class space    used 11474K, committed 11840K, reserved 1048576K
}
Event: 19.253 GC heap before
{Heap before GC invocations=20 (full 0):
 garbage-first heap   total 638976K, used 215864K [0x0000000604c00000, 0x0000000800000000)
  region size 4096K, 12 young (49152K), 11 survivors (45056K)
 Metaspace       used 81398K, committed 82112K, reserved 1179648K
  class space    used 11475K, committed 11840K, reserved 1048576K
}
Event: 19.265 GC heap after
{Heap after GC invocations=21 (full 0):
 garbage-first heap   total 638976K, used 214920K [0x0000000604c00000, 0x0000000800000000)
  region size 4096K, 2 young (8192K), 2 survivors (8192K)
 Metaspace       used 81398K, committed 82112K, reserved 1179648K
  class space    used 11475K, committed 11840K, reserved 1048576K
}
Event: 19.691 GC heap before
{Heap before GC invocations=21 (full 0):
 garbage-first heap   total 638976K, used 247688K [0x0000000604c00000, 0x0000000800000000)
  region size 4096K, 11 young (45056K), 2 survivors (8192K)
 Metaspace       used 86848K, committed 87488K, reserved 1179648K
  class space    used 12162K, committed 12480K, reserved 1048576K
}
Event: 19.694 GC heap after
{Heap after GC invocations=22 (full 0):
 garbage-first heap   total 638976K, used 213076K [0x0000000604c00000, 0x0000000800000000)
  region size 4096K, 1 young (4096K), 1 survivors (4096K)
 Metaspace       used 86848K, committed 87488K, reserved 1179648K
  class space    used 12162K, committed 12480K, reserved 1048576K
}
Event: 20.669 GC heap before
{Heap before GC invocations=23 (full 0):
 garbage-first heap   total 638976K, used 499796K [0x0000000604c00000, 0x0000000800000000)
  region size 4096K, 71 young (290816K), 1 survivors (4096K)
 Metaspace       used 96309K, committed 97024K, reserved 1179648K
  class space    used 13443K, committed 13824K, reserved 1048576K
}
Event: 20.673 GC heap after
{Heap after GC invocations=24 (full 0):
 garbage-first heap   total 638976K, used 216486K [0x0000000604c00000, 0x0000000800000000)
  region size 4096K, 2 young (8192K), 2 survivors (8192K)
 Metaspace       used 96309K, committed 97024K, reserved 1179648K
  class space    used 13443K, committed 13824K, reserved 1048576K
}
Event: 20.820 GC heap before
{Heap before GC invocations=24 (full 0):
 garbage-first heap   total 638976K, used 236966K [0x0000000604c00000, 0x0000000800000000)
  region size 4096K, 7 young (28672K), 2 survivors (8192K)
 Metaspace       used 97361K, committed 98048K, reserved 1179648K
  class space    used 13575K, committed 13952K, reserved 1048576K
}
Event: 20.824 GC heap after
{Heap after GC invocations=25 (full 0):
 garbage-first heap   total 638976K, used 199811K [0x0000000604c00000, 0x0000000800000000)
  region size 4096K, 1 young (4096K), 1 survivors (4096K)
 Metaspace       used 97361K, committed 98048K, reserved 1179648K
  class space    used 13575K, committed 13952K, reserved 1048576K
}

